[0m14:31:19.566795 [debug] [MainThread]: Sending event: {'category': 'dbt', 'action': 'invocation', 'label': 'start', 'context': [<snowplow_tracker.self_describing_json.SelfDescribingJson object at 0x00000184B7884C20>, <snowplow_tracker.self_describing_json.SelfDescribingJson object at 0x00000184B5A10B90>, <snowplow_tracker.self_describing_json.SelfDescribingJson object at 0x00000184B8492990>]}


============================== 14:31:19.595429 | 8f742f13-c617-4ae9-96c9-ec2403b9cd1d ==============================
[0m14:31:19.595429 [info ] [MainThread]: Running with dbt=1.9.1
[0m14:31:19.599476 [debug] [MainThread]: running dbt with arguments {'printer_width': '80', 'indirect_selection': 'eager', 'log_cache_events': 'False', 'write_json': 'True', 'partial_parse': 'True', 'cache_selected_only': 'False', 'profiles_dir': 'C:\\Users\\gusta\\.dbt', 'fail_fast': 'False', 'debug': 'False', 'log_path': 'logs', 'version_check': 'True', 'warn_error': 'None', 'use_colors': 'True', 'use_experimental_parser': 'False', 'no_print': 'None', 'quiet': 'False', 'empty': 'None', 'warn_error_options': 'WarnErrorOptions(include=[], exclude=[])', 'static_parser': 'True', 'introspect': 'True', 'invocation_command': 'dbt init', 'target_path': 'None', 'log_format': 'default', 'send_anonymous_usage_stats': 'True'}
[0m14:31:20.032830 [warn ] [MainThread]: [ConfigFolderDirectory]: Unable to parse logging event dictionary. Failed to parse dir field: expected string or bytes-like object, got 'WindowsPath'.. Dictionary: {'dir': WindowsPath('C:/Users/gusta/.dbt')}
[0m14:31:20.038061 [info ] [MainThread]: Creating dbt configuration folder at 
[0m14:32:37.208577 [debug] [MainThread]: Starter project path: C:\Users\gusta\Onedrive\documentos\extras\ETL-Commodities\.venv\Lib\site-packages\dbt\include\starter_project
[0m14:32:37.285831 [info ] [MainThread]: 
Your new dbt project "datawarehouse" was created!

For more information on how to configure the profiles.yml file,
please consult the dbt documentation here:

  https://docs.getdbt.com/docs/configure-your-profile

One more thing:

Need help? Don't hesitate to reach out to us via GitHub issues or on Slack:

  https://community.getdbt.com/

Happy modeling!

[0m14:32:37.290650 [info ] [MainThread]: Setting up your profile.
[0m14:34:52.561009 [info ] [MainThread]: Profile datawarehouse written to C:\Users\gusta\.dbt\profiles.yml using target's profile_template.yml and your supplied values. Run 'dbt debug' to validate the connection.
[0m14:34:52.574249 [debug] [MainThread]: Command `dbt init` succeeded at 14:34:52.572943 after 213.51 seconds
[0m14:34:52.583619 [debug] [MainThread]: Sending event: {'category': 'dbt', 'action': 'invocation', 'label': 'end', 'context': [<snowplow_tracker.self_describing_json.SelfDescribingJson object at 0x00000184B8B19CD0>, <snowplow_tracker.self_describing_json.SelfDescribingJson object at 0x00000184B8A1E570>, <snowplow_tracker.self_describing_json.SelfDescribingJson object at 0x00000184B8872580>]}
[0m14:34:52.594145 [debug] [MainThread]: Flushing usage events
[0m14:34:54.180735 [debug] [MainThread]: An error was encountered while trying to flush usage events
[0m14:36:46.766768 [debug] [MainThread]: Sending event: {'category': 'dbt', 'action': 'invocation', 'label': 'start', 'context': [<snowplow_tracker.self_describing_json.SelfDescribingJson object at 0x0000022CB4258C20>, <snowplow_tracker.self_describing_json.SelfDescribingJson object at 0x0000022CB23E0B90>, <snowplow_tracker.self_describing_json.SelfDescribingJson object at 0x0000022CB5353ED0>]}


============================== 14:36:46.777830 | dd1f58fa-8ce2-4ff1-a31d-d4ac5ed52247 ==============================
[0m14:36:46.777830 [info ] [MainThread]: Running with dbt=1.9.1
[0m14:36:46.779887 [debug] [MainThread]: running dbt with arguments {'printer_width': '80', 'indirect_selection': 'eager', 'write_json': 'True', 'log_cache_events': 'False', 'partial_parse': 'True', 'cache_selected_only': 'False', 'warn_error': 'None', 'version_check': 'True', 'debug': 'False', 'log_path': 'logs', 'fail_fast': 'False', 'profiles_dir': 'C:\\Users\\gusta\\.dbt', 'use_colors': 'True', 'use_experimental_parser': 'False', 'no_print': 'None', 'quiet': 'False', 'empty': 'None', 'log_format': 'default', 'static_parser': 'True', 'invocation_command': 'dbt debug', 'introspect': 'True', 'target_path': 'None', 'warn_error_options': 'WarnErrorOptions(include=[], exclude=[])', 'send_anonymous_usage_stats': 'True'}
[0m14:36:46.880839 [info ] [MainThread]: dbt version: 1.9.1
[0m14:36:46.883179 [info ] [MainThread]: python version: 3.13.1
[0m14:36:46.885276 [info ] [MainThread]: python path: C:\Users\gusta\Onedrive\documentos\extras\ETL-Commodities\.venv\Scripts\python.exe
[0m14:36:46.887221 [info ] [MainThread]: os info: Windows-11-10.0.22000-SP0
[0m14:36:47.128638 [info ] [MainThread]: Using profiles dir at C:\Users\gusta\.dbt
[0m14:36:47.130645 [info ] [MainThread]: Using profiles.yml file at C:\Users\gusta\.dbt\profiles.yml
[0m14:36:47.132647 [info ] [MainThread]: Using dbt_project.yml file at C:\Users\gusta\Onedrive\documentos\extras\ETL-Commodities\dbt_project.yml
[0m14:36:47.140646 [info ] [MainThread]: adapter type: postgres
[0m14:36:47.142990 [info ] [MainThread]: adapter version: 1.9.0
[0m14:36:47.145514 [info ] [MainThread]: Configuration:
[0m14:36:47.150377 [info ] [MainThread]:   profiles.yml file [[32mOK found and valid[0m]
[0m14:36:47.152968 [info ] [MainThread]:   dbt_project.yml file [[31mERROR not found[0m]
[0m14:36:47.156309 [info ] [MainThread]: Required dependencies:
[0m14:36:47.159603 [debug] [MainThread]: Executing "git --help"
[0m14:36:47.246574 [debug] [MainThread]: STDOUT: "b"usage: git [-v | --version] [-h | --help] [-C <path>] [-c <name>=<value>]\n           [--exec-path[=<path>]] [--html-path] [--man-path] [--info-path]\n           [-p | --paginate | -P | --no-pager] [--no-replace-objects] [--bare]\n           [--git-dir=<path>] [--work-tree=<path>] [--namespace=<name>]\n           [--config-env=<name>=<envvar>] <command> [<args>]\n\nThese are common Git commands used in various situations:\n\nstart a working area (see also: git help tutorial)\n   clone     Clone a repository into a new directory\n   init      Create an empty Git repository or reinitialize an existing one\n\nwork on the current change (see also: git help everyday)\n   add       Add file contents to the index\n   mv        Move or rename a file, a directory, or a symlink\n   restore   Restore working tree files\n   rm        Remove files from the working tree and from the index\n\nexamine the history and state (see also: git help revisions)\n   bisect    Use binary search to find the commit that introduced a bug\n   diff      Show changes between commits, commit and working tree, etc\n   grep      Print lines matching a pattern\n   log       Show commit logs\n   show      Show various types of objects\n   status    Show the working tree status\n\ngrow, mark and tweak your common history\n   branch    List, create, or delete branches\n   commit    Record changes to the repository\n   merge     Join two or more development histories together\n   rebase    Reapply commits on top of another base tip\n   reset     Reset current HEAD to the specified state\n   switch    Switch branches\n   tag       Create, list, delete or verify a tag object signed with GPG\n\ncollaborate (see also: git help workflows)\n   fetch     Download objects and refs from another repository\n   pull      Fetch from and integrate with another repository or a local branch\n   push      Update remote refs along with associated objects\n\n'git help -a' and 'git help -g' list available subcommands and some\nconcept guides. See 'git help <command>' or 'git help <concept>'\nto read about a specific subcommand or concept.\nSee 'git help git' for an overview of the system.\n""
[0m14:36:47.247672 [debug] [MainThread]: STDERR: "b''"
[0m14:36:47.248440 [info ] [MainThread]:  - git [[32mOK found[0m]

[0m14:36:47.250384 [info ] [MainThread]: Connection:
[0m14:36:47.252265 [info ] [MainThread]:   host: dpg-ctvhb9bv2p9s7393dc20-a.oregon-postgres.render.com
[0m14:36:47.254508 [info ] [MainThread]:   port: 5432
[0m14:36:47.256935 [info ] [MainThread]:   user: postgre123
[0m14:36:47.259371 [info ] [MainThread]:   database: monitor_commo
[0m14:36:47.261908 [info ] [MainThread]:   schema: public
[0m14:36:47.264470 [info ] [MainThread]:   connect_timeout: 10
[0m14:36:47.266126 [info ] [MainThread]:   role: None
[0m14:36:47.267783 [info ] [MainThread]:   search_path: None
[0m14:36:47.270250 [info ] [MainThread]:   keepalives_idle: 0
[0m14:36:47.272966 [info ] [MainThread]:   sslmode: None
[0m14:36:47.276836 [info ] [MainThread]:   sslcert: None
[0m14:36:47.279221 [info ] [MainThread]:   sslkey: None
[0m14:36:47.280677 [info ] [MainThread]:   sslrootcert: None
[0m14:36:47.281943 [info ] [MainThread]:   application_name: dbt
[0m14:36:47.283789 [info ] [MainThread]:   retries: 1
[0m14:36:47.286178 [info ] [MainThread]: Registered adapter: postgres=1.9.0
[0m14:36:48.635820 [debug] [MainThread]: Acquiring new postgres connection 'debug'
[0m14:36:49.297415 [debug] [MainThread]: Using postgres connection "debug"
[0m14:36:49.298478 [debug] [MainThread]: On debug: select 1 as id
[0m14:36:49.300233 [debug] [MainThread]: Opening a new connection, currently in state init
[0m14:36:53.780877 [debug] [MainThread]: SQL status: SELECT 1 in 4.480 seconds
[0m14:36:53.784204 [debug] [MainThread]: On debug: Close
[0m14:36:53.787578 [info ] [MainThread]:   Connection test: [[32mOK connection ok[0m]

[0m14:36:53.790604 [info ] [MainThread]: [31m1 check failed:[0m
[0m14:36:53.793018 [info ] [MainThread]: Project loading failed for the following reason:
 project path <C:\Users\gusta\Onedrive\documentos\extras\ETL-Commodities\dbt_project.yml> not found

[0m14:36:53.798181 [debug] [MainThread]: Command `dbt debug` failed at 14:36:53.797558 after 7.40 seconds
[0m14:36:53.800646 [debug] [MainThread]: Connection 'debug' was properly closed.
[0m14:36:53.802436 [debug] [MainThread]: Sending event: {'category': 'dbt', 'action': 'invocation', 'label': 'end', 'context': [<snowplow_tracker.self_describing_json.SelfDescribingJson object at 0x0000022CB5522B10>, <snowplow_tracker.self_describing_json.SelfDescribingJson object at 0x0000022CB554A690>, <snowplow_tracker.self_describing_json.SelfDescribingJson object at 0x0000022CB5427350>]}
[0m14:36:53.804283 [debug] [MainThread]: Flushing usage events
[0m14:36:55.843240 [debug] [MainThread]: An error was encountered while trying to flush usage events
[0m14:39:24.059157 [debug] [MainThread]: Sending event: {'category': 'dbt', 'action': 'invocation', 'label': 'start', 'context': [<snowplow_tracker.self_describing_json.SelfDescribingJson object at 0x000001B95AC04C20>, <snowplow_tracker.self_describing_json.SelfDescribingJson object at 0x000001B958D90B90>, <snowplow_tracker.self_describing_json.SelfDescribingJson object at 0x000001B95BD03ED0>]}


============================== 14:39:24.073384 | 323b79db-56ad-485c-b24e-9db94da91c8d ==============================
[0m14:39:24.073384 [info ] [MainThread]: Running with dbt=1.9.1
[0m14:39:24.076139 [debug] [MainThread]: running dbt with arguments {'printer_width': '80', 'indirect_selection': 'eager', 'write_json': 'True', 'log_cache_events': 'False', 'partial_parse': 'True', 'cache_selected_only': 'False', 'warn_error': 'None', 'debug': 'False', 'fail_fast': 'False', 'log_path': 'logs', 'version_check': 'True', 'profiles_dir': 'C:\\Users\\gusta\\.dbt', 'use_colors': 'True', 'use_experimental_parser': 'False', 'no_print': 'None', 'quiet': 'False', 'empty': 'None', 'log_format': 'default', 'invocation_command': 'dbt debug', 'static_parser': 'True', 'introspect': 'True', 'target_path': 'None', 'warn_error_options': 'WarnErrorOptions(include=[], exclude=[])', 'send_anonymous_usage_stats': 'True'}
[0m14:39:24.166489 [info ] [MainThread]: dbt version: 1.9.1
[0m14:39:24.168425 [info ] [MainThread]: python version: 3.13.1
[0m14:39:24.170246 [info ] [MainThread]: python path: C:\Users\gusta\Onedrive\documentos\extras\ETL-Commodities\.venv\Scripts\python.exe
[0m14:39:24.171939 [info ] [MainThread]: os info: Windows-11-10.0.22000-SP0
[0m14:39:24.402271 [info ] [MainThread]: Using profiles dir at C:\Users\gusta\.dbt
[0m14:39:24.403926 [info ] [MainThread]: Using profiles.yml file at C:\Users\gusta\.dbt\profiles.yml
[0m14:39:24.405236 [info ] [MainThread]: Using dbt_project.yml file at C:\Users\gusta\Onedrive\documentos\extras\ETL-Commodities\dbt_project.yml
[0m14:39:24.408612 [info ] [MainThread]: adapter type: postgres
[0m14:39:24.410061 [info ] [MainThread]: adapter version: 1.9.0
[0m14:39:24.412851 [info ] [MainThread]: Configuration:
[0m14:39:24.415409 [info ] [MainThread]:   profiles.yml file [[32mOK found and valid[0m]
[0m14:39:24.417608 [info ] [MainThread]:   dbt_project.yml file [[31mERROR not found[0m]
[0m14:39:24.419765 [info ] [MainThread]: Required dependencies:
[0m14:39:24.422399 [debug] [MainThread]: Executing "git --help"
[0m14:39:24.502700 [debug] [MainThread]: STDOUT: "b"usage: git [-v | --version] [-h | --help] [-C <path>] [-c <name>=<value>]\n           [--exec-path[=<path>]] [--html-path] [--man-path] [--info-path]\n           [-p | --paginate | -P | --no-pager] [--no-replace-objects] [--bare]\n           [--git-dir=<path>] [--work-tree=<path>] [--namespace=<name>]\n           [--config-env=<name>=<envvar>] <command> [<args>]\n\nThese are common Git commands used in various situations:\n\nstart a working area (see also: git help tutorial)\n   clone     Clone a repository into a new directory\n   init      Create an empty Git repository or reinitialize an existing one\n\nwork on the current change (see also: git help everyday)\n   add       Add file contents to the index\n   mv        Move or rename a file, a directory, or a symlink\n   restore   Restore working tree files\n   rm        Remove files from the working tree and from the index\n\nexamine the history and state (see also: git help revisions)\n   bisect    Use binary search to find the commit that introduced a bug\n   diff      Show changes between commits, commit and working tree, etc\n   grep      Print lines matching a pattern\n   log       Show commit logs\n   show      Show various types of objects\n   status    Show the working tree status\n\ngrow, mark and tweak your common history\n   branch    List, create, or delete branches\n   commit    Record changes to the repository\n   merge     Join two or more development histories together\n   rebase    Reapply commits on top of another base tip\n   reset     Reset current HEAD to the specified state\n   switch    Switch branches\n   tag       Create, list, delete or verify a tag object signed with GPG\n\ncollaborate (see also: git help workflows)\n   fetch     Download objects and refs from another repository\n   pull      Fetch from and integrate with another repository or a local branch\n   push      Update remote refs along with associated objects\n\n'git help -a' and 'git help -g' list available subcommands and some\nconcept guides. See 'git help <command>' or 'git help <concept>'\nto read about a specific subcommand or concept.\nSee 'git help git' for an overview of the system.\n""
[0m14:39:24.504000 [debug] [MainThread]: STDERR: "b''"
[0m14:39:24.504963 [info ] [MainThread]:  - git [[32mOK found[0m]

[0m14:39:24.506926 [info ] [MainThread]: Connection:
[0m14:39:24.508392 [info ] [MainThread]:   host: dpg-ctvhb9bv2p9s7393dc20-a.oregon-postgres.render.com
[0m14:39:24.509710 [info ] [MainThread]:   port: 5432
[0m14:39:24.511013 [info ] [MainThread]:   user: postgre123
[0m14:39:24.513630 [info ] [MainThread]:   database: monitor_commo
[0m14:39:24.516314 [info ] [MainThread]:   schema: public
[0m14:39:24.519642 [info ] [MainThread]:   connect_timeout: 10
[0m14:39:24.522994 [info ] [MainThread]:   role: None
[0m14:39:24.524864 [info ] [MainThread]:   search_path: None
[0m14:39:24.527082 [info ] [MainThread]:   keepalives_idle: 0
[0m14:39:24.528860 [info ] [MainThread]:   sslmode: None
[0m14:39:24.530536 [info ] [MainThread]:   sslcert: None
[0m14:39:24.532795 [info ] [MainThread]:   sslkey: None
[0m14:39:24.535748 [info ] [MainThread]:   sslrootcert: None
[0m14:39:24.538471 [info ] [MainThread]:   application_name: dbt
[0m14:39:24.541034 [info ] [MainThread]:   retries: 1
[0m14:39:24.544291 [info ] [MainThread]: Registered adapter: postgres=1.9.0
[0m14:39:26.142633 [debug] [MainThread]: Acquiring new postgres connection 'debug'
[0m14:39:26.760689 [debug] [MainThread]: Using postgres connection "debug"
[0m14:39:26.761725 [debug] [MainThread]: On debug: select 1 as id
[0m14:39:26.762500 [debug] [MainThread]: Opening a new connection, currently in state init
[0m14:39:30.905746 [debug] [MainThread]: SQL status: SELECT 1 in 4.143 seconds
[0m14:39:30.909164 [debug] [MainThread]: On debug: Close
[0m14:39:30.911545 [info ] [MainThread]:   Connection test: [[32mOK connection ok[0m]

[0m14:39:30.915320 [info ] [MainThread]: [31m1 check failed:[0m
[0m14:39:30.917200 [info ] [MainThread]: Project loading failed for the following reason:
 project path <C:\Users\gusta\Onedrive\documentos\extras\ETL-Commodities\dbt_project.yml> not found

[0m14:39:30.923714 [debug] [MainThread]: Command `dbt debug` failed at 14:39:30.923137 after 7.16 seconds
[0m14:39:30.925420 [debug] [MainThread]: Connection 'debug' was properly closed.
[0m14:39:30.927195 [debug] [MainThread]: Sending event: {'category': 'dbt', 'action': 'invocation', 'label': 'end', 'context': [<snowplow_tracker.self_describing_json.SelfDescribingJson object at 0x000001B95BF32B10>, <snowplow_tracker.self_describing_json.SelfDescribingJson object at 0x000001B95BF5E690>, <snowplow_tracker.self_describing_json.SelfDescribingJson object at 0x000001B95BDD7350>]}
[0m14:39:30.929404 [debug] [MainThread]: Flushing usage events
[0m14:39:31.937732 [debug] [MainThread]: An error was encountered while trying to flush usage events
[0m14:42:19.585159 [debug] [MainThread]: Sending event: {'category': 'dbt', 'action': 'invocation', 'label': 'start', 'context': [<snowplow_tracker.self_describing_json.SelfDescribingJson object at 0x00000171A2F74C20>, <snowplow_tracker.self_describing_json.SelfDescribingJson object at 0x00000171A1100B90>, <snowplow_tracker.self_describing_json.SelfDescribingJson object at 0x00000171A4063ED0>]}


============================== 14:42:19.598806 | 5af258d3-b91a-4ae5-9135-46a7877f0b28 ==============================
[0m14:42:19.598806 [info ] [MainThread]: Running with dbt=1.9.1
[0m14:42:19.601226 [debug] [MainThread]: running dbt with arguments {'printer_width': '80', 'indirect_selection': 'eager', 'write_json': 'True', 'log_cache_events': 'False', 'partial_parse': 'True', 'cache_selected_only': 'False', 'warn_error': 'None', 'debug': 'False', 'profiles_dir': 'C:\\Users\\gusta\\.dbt', 'log_path': 'C:\\Users\\gusta\\Onedrive\\documentos\\extras\\ETL-Commodities\\logs', 'version_check': 'True', 'fail_fast': 'False', 'use_colors': 'True', 'use_experimental_parser': 'False', 'no_print': 'None', 'quiet': 'False', 'empty': 'None', 'log_format': 'default', 'invocation_command': 'dbt debug', 'introspect': 'True', 'static_parser': 'True', 'target_path': 'None', 'warn_error_options': 'WarnErrorOptions(include=[], exclude=[])', 'send_anonymous_usage_stats': 'True'}
[0m14:42:19.696755 [info ] [MainThread]: dbt version: 1.9.1
[0m14:42:19.698647 [info ] [MainThread]: python version: 3.13.1
[0m14:42:19.700280 [info ] [MainThread]: python path: C:\Users\gusta\Onedrive\documentos\extras\ETL-Commodities\.venv\Scripts\python.exe
[0m14:42:19.701912 [info ] [MainThread]: os info: Windows-11-10.0.22000-SP0
[0m14:42:19.959767 [info ] [MainThread]: Using profiles dir at C:\Users\gusta\.dbt
[0m14:42:19.961736 [info ] [MainThread]: Using profiles.yml file at C:\Users\gusta\.dbt\profiles.yml
[0m14:42:19.963539 [info ] [MainThread]: Using dbt_project.yml file at C:\Users\gusta\Onedrive\documentos\extras\ETL-Commodities\dbt_project.yml
[0m14:42:19.968172 [info ] [MainThread]: adapter type: postgres
[0m14:42:19.970627 [info ] [MainThread]: adapter version: 1.9.0
[0m14:42:20.206933 [info ] [MainThread]: Configuration:
[0m14:42:20.209284 [info ] [MainThread]:   profiles.yml file [[32mOK found and valid[0m]
[0m14:42:20.211218 [info ] [MainThread]:   dbt_project.yml file [[32mOK found and valid[0m]
[0m14:42:20.213117 [info ] [MainThread]: Required dependencies:
[0m14:42:20.214969 [debug] [MainThread]: Executing "git --help"
[0m14:42:20.296828 [debug] [MainThread]: STDOUT: "b"usage: git [-v | --version] [-h | --help] [-C <path>] [-c <name>=<value>]\n           [--exec-path[=<path>]] [--html-path] [--man-path] [--info-path]\n           [-p | --paginate | -P | --no-pager] [--no-replace-objects] [--bare]\n           [--git-dir=<path>] [--work-tree=<path>] [--namespace=<name>]\n           [--config-env=<name>=<envvar>] <command> [<args>]\n\nThese are common Git commands used in various situations:\n\nstart a working area (see also: git help tutorial)\n   clone     Clone a repository into a new directory\n   init      Create an empty Git repository or reinitialize an existing one\n\nwork on the current change (see also: git help everyday)\n   add       Add file contents to the index\n   mv        Move or rename a file, a directory, or a symlink\n   restore   Restore working tree files\n   rm        Remove files from the working tree and from the index\n\nexamine the history and state (see also: git help revisions)\n   bisect    Use binary search to find the commit that introduced a bug\n   diff      Show changes between commits, commit and working tree, etc\n   grep      Print lines matching a pattern\n   log       Show commit logs\n   show      Show various types of objects\n   status    Show the working tree status\n\ngrow, mark and tweak your common history\n   branch    List, create, or delete branches\n   commit    Record changes to the repository\n   merge     Join two or more development histories together\n   rebase    Reapply commits on top of another base tip\n   reset     Reset current HEAD to the specified state\n   switch    Switch branches\n   tag       Create, list, delete or verify a tag object signed with GPG\n\ncollaborate (see also: git help workflows)\n   fetch     Download objects and refs from another repository\n   pull      Fetch from and integrate with another repository or a local branch\n   push      Update remote refs along with associated objects\n\n'git help -a' and 'git help -g' list available subcommands and some\nconcept guides. See 'git help <command>' or 'git help <concept>'\nto read about a specific subcommand or concept.\nSee 'git help git' for an overview of the system.\n""
[0m14:42:20.298293 [debug] [MainThread]: STDERR: "b''"
[0m14:42:20.299906 [info ] [MainThread]:  - git [[32mOK found[0m]

[0m14:42:20.301981 [info ] [MainThread]: Connection:
[0m14:42:20.303587 [info ] [MainThread]:   host: dpg-ctvhb9bv2p9s7393dc20-a.oregon-postgres.render.com
[0m14:42:20.305310 [info ] [MainThread]:   port: 5432
[0m14:42:20.307361 [info ] [MainThread]:   user: postgre123
[0m14:42:20.310013 [info ] [MainThread]:   database: monitor_commo
[0m14:42:20.311873 [info ] [MainThread]:   schema: public
[0m14:42:20.313618 [info ] [MainThread]:   connect_timeout: 10
[0m14:42:20.315105 [info ] [MainThread]:   role: None
[0m14:42:20.317426 [info ] [MainThread]:   search_path: None
[0m14:42:20.319165 [info ] [MainThread]:   keepalives_idle: 0
[0m14:42:20.320669 [info ] [MainThread]:   sslmode: None
[0m14:42:20.322016 [info ] [MainThread]:   sslcert: None
[0m14:42:20.324555 [info ] [MainThread]:   sslkey: None
[0m14:42:20.326580 [info ] [MainThread]:   sslrootcert: None
[0m14:42:20.329129 [info ] [MainThread]:   application_name: dbt
[0m14:42:20.331714 [info ] [MainThread]:   retries: 1
[0m14:42:20.335012 [info ] [MainThread]: Registered adapter: postgres=1.9.0
[0m14:42:21.760111 [debug] [MainThread]: Acquiring new postgres connection 'debug'
[0m14:42:22.285231 [debug] [MainThread]: Using postgres connection "debug"
[0m14:42:22.286291 [debug] [MainThread]: On debug: select 1 as id
[0m14:42:22.287067 [debug] [MainThread]: Opening a new connection, currently in state init
[0m14:42:26.372950 [debug] [MainThread]: SQL status: SELECT 1 in 4.086 seconds
[0m14:42:26.376398 [debug] [MainThread]: On debug: Close
[0m14:42:26.378463 [info ] [MainThread]:   Connection test: [[32mOK connection ok[0m]

[0m14:42:26.389969 [info ] [MainThread]: [32mAll checks passed![0m
[0m14:42:26.395121 [debug] [MainThread]: Command `dbt debug` succeeded at 14:42:26.394686 after 7.29 seconds
[0m14:42:26.396237 [debug] [MainThread]: Connection 'debug' was properly closed.
[0m14:42:26.397589 [debug] [MainThread]: Sending event: {'category': 'dbt', 'action': 'invocation', 'label': 'end', 'context': [<snowplow_tracker.self_describing_json.SelfDescribingJson object at 0x00000171A439E650>, <snowplow_tracker.self_describing_json.SelfDescribingJson object at 0x00000171A4830290>, <snowplow_tracker.self_describing_json.SelfDescribingJson object at 0x00000171A4137350>]}
[0m14:42:26.399222 [debug] [MainThread]: Flushing usage events
[0m14:42:28.898313 [debug] [MainThread]: An error was encountered while trying to flush usage events
